ID dataset:cifar10OOD, OOD dataset:MNIST
                        Method         OOD Detector       AUC     FPR95  ACC_ALL  ACC_ID  ACC_OOD    ACC_HM
0                   zsclip_txt                  msp  0.964212  0.244300   0.7385  0.6107   0.9982  0.757786
1                   zsclip_txt             maxlogit  0.910614  0.886456   0.7385  0.6082   0.9972  0.755571
2                   zsclip_txt               energy  0.856465  0.991714   0.7385  0.5401   0.9948  0.700100
3                    ft_pl_txt       msp_plthresh07  0.950226  0.345200   0.7726  0.6629   0.9938  0.795304
4                    ft_pl_txt  maxlogit_plthresh07  0.925679  0.582800   0.7696  0.6423   0.9894  0.778932
5  ft_pl_neg_proto_bank_v0_txt       msp_plthresh07  0.610568  0.795000   0.7286  0.6010   0.4642  0.523816
6  ft_pl_neg_proto_bank_v0_txt  maxlogit_plthresh07  0.960730  0.259500   0.7741  0.6697   0.9887  0.798520


ID dataset:cifar10OOD, OOD dataset:SVHN
                        Method         OOD Detector       AUC     FPR95  ACC_ALL  ACC_ID  ACC_OOD    ACC_HM
0                   zsclip_txt                  msp  0.931861  0.452500   0.7385  0.6045   0.9790  0.747465
1                   zsclip_txt             maxlogit  0.903493  0.624567   0.7385  0.6082   0.9551  0.743161
2                   zsclip_txt               energy  0.860354  0.763386   0.7385  0.5402   0.9289  0.683128
3                    ft_pl_txt       msp_plthresh07  0.941516  0.374900   0.7726  0.6631   0.9728  0.788635
4                    ft_pl_txt  maxlogit_plthresh07  0.907026  0.555700   0.7710  0.6665   0.9069  0.768335
5  ft_pl_neg_proto_bank_v0_txt       msp_plthresh07  0.921450  0.511500   0.7761  0.6779   0.9490  0.790862
6  ft_pl_neg_proto_bank_v0_txt  maxlogit_plthresh07  0.916020  0.450700   0.7766  0.6646   0.8902  0.761033


ID dataset:cifar10OOD, OOD dataset:cifar100
                        Method         OOD Detector       AUC     FPR95  ACC_ALL  ACC_ID  ACC_OOD    ACC_HM
0                   zsclip_txt                  msp  0.824203  0.770800   0.7385  0.5890   0.8531  0.696867
1                   zsclip_txt             maxlogit  0.825679  0.679200   0.7385  0.6081   0.7945  0.688914
2                   zsclip_txt               energy  0.802436  0.715157   0.7385  0.5783   0.7433  0.650500
3                    ft_pl_txt       msp_plthresh07  0.836439  0.718000   0.7725  0.6489   0.8100  0.720555
4                    ft_pl_txt  maxlogit_plthresh07  0.822239  0.642100   0.7703  0.6645   0.7284  0.694984
5  ft_pl_neg_proto_bank_v0_txt       msp_plthresh07  0.821289  0.733600   0.7717  0.6643   0.7411  0.700602
6  ft_pl_neg_proto_bank_v0_txt  maxlogit_plthresh07  0.826189  0.626000   0.7698  0.6475   0.7363  0.689051


ID dataset:cifar10OOD, OOD dataset:Tiny
                        Method         OOD Detector       AUC     FPR95  ACC_ALL  ACC_ID  ACC_OOD    ACC_HM
0                   zsclip_txt                  msp  0.825049  0.774300   0.7385  0.5879   0.8608  0.698646
1                   zsclip_txt             maxlogit  0.887004  0.387911   0.7385  0.6758   0.7873  0.727301
2                   zsclip_txt               energy  0.882121  0.398871   0.7385  0.6577   0.7870  0.716564
3                    ft_pl_txt       msp_plthresh07  0.845316  0.664000   0.7729  0.6523   0.8330  0.731658
4                    ft_pl_txt  maxlogit_plthresh07  0.880417  0.416600   0.7729  0.7187   0.7581  0.737874
5  ft_pl_neg_proto_bank_v0_txt       msp_plthresh07  0.839067  0.647400   0.7720  0.6705   0.7875  0.724306
6  ft_pl_neg_proto_bank_v0_txt  maxlogit_plthresh07  0.847368  0.511800   0.7691  0.6739   0.7375  0.704267


ID dataset:cifar100OOD, OOD dataset:MNIST
                        Method         OOD Detector       AUC   FPR95  ACC_ALL  ACC_ID  ACC_OOD    ACC_HM
0                   zsclip_txt                  msp  0.770799  0.9635   0.4842  0.2849   0.9923  0.442697
1                   zsclip_txt             maxlogit  0.740836  0.9999   0.4842  0.3200   0.9619  0.480237
2                   zsclip_txt               energy  0.656727  1.0000   0.4842  0.2048   0.9911  0.339455
3                    ft_pl_txt       msp_plthresh07  0.725402  0.9690   0.5028  0.3315   0.9407  0.490241
4                    ft_pl_txt  maxlogit_plthresh07  0.751932  0.9930   0.5035  0.3358   0.9295  0.493363
5  ft_pl_neg_proto_bank_v0_txt       msp_plthresh07  0.670524  0.9565   0.5056  0.3503   0.8358  0.493686
6  ft_pl_neg_proto_bank_v0_txt  maxlogit_plthresh07  0.803772  0.9021   0.5031  0.3687   0.8943  0.522135


ID dataset:cifar100OOD, OOD dataset:SVHN
                        Method         OOD Detector       AUC     FPR95  ACC_ALL  ACC_ID  ACC_OOD    ACC_HM
0                   zsclip_txt                  msp  0.638695  0.989400   0.4842  0.2742   0.9623  0.426790
1                   zsclip_txt             maxlogit  0.647841  0.980014   0.4842  0.3206   0.7936  0.456701
2                   zsclip_txt               energy  0.626845  0.972343   0.4842  0.3233   0.5736  0.413524
3                    ft_pl_txt       msp_plthresh07  0.718129  0.947700   0.5027  0.3310   0.9365  0.489123
4                    ft_pl_txt  maxlogit_plthresh07  0.703886  0.971000   0.5033  0.3354   0.8584  0.482338
5  ft_pl_neg_proto_bank_v0_txt       msp_plthresh07  0.739516  0.919900   0.5090  0.3571   0.9084  0.512666
6  ft_pl_neg_proto_bank_v0_txt  maxlogit_plthresh07  0.765285  0.922000   0.5041  0.3638   0.8654  0.512256


ID dataset:cifar100OOD, OOD dataset:cifar10
                        Method         OOD Detector       AUC     FPR95  ACC_ALL  ACC_ID  ACC_OOD    ACC_HM
0                   zsclip_txt                  msp  0.606343  0.952400   0.4842  0.2813   0.8298  0.420165
1                   zsclip_txt             maxlogit  0.632818  0.932471   0.4842  0.3206   0.7042  0.440606
2                   zsclip_txt               energy  0.620233  0.913529   0.4842  0.3313   0.5507  0.413712
3                    ft_pl_txt       msp_plthresh07  0.633179  0.950200   0.5029  0.3343   0.8026  0.472001
4                    ft_pl_txt  maxlogit_plthresh07  0.674543  0.896900   0.5041  0.3633   0.6846  0.474693
5  ft_pl_neg_proto_bank_v0_txt       msp_plthresh07  0.636219  0.942900   0.5062  0.3478   0.7719  0.479533
6  ft_pl_neg_proto_bank_v0_txt  maxlogit_plthresh07  0.697919  0.860700   0.5026  0.3751   0.6888  0.485701


ID dataset:cifar100OOD, OOD dataset:Tiny
                        Method         OOD Detector       AUC     FPR95  ACC_ALL  ACC_ID  ACC_OOD    ACC_HM
0                   zsclip_txt                  msp  0.526111  0.985900   0.4842  0.2667   0.7843  0.398045
1                   zsclip_txt             maxlogit  0.674763  0.797300   0.4842  0.3359   0.6938  0.452651
2                   zsclip_txt               energy  0.711469  0.704514   0.4842  0.3329   0.6823  0.447474
3                    ft_pl_txt       msp_plthresh07  0.567988  0.974400   0.5003  0.3256   0.7382  0.451886
4                    ft_pl_txt  maxlogit_plthresh07  0.679069  0.823200   0.5007  0.3697   0.6635  0.474828
5  ft_pl_neg_proto_bank_v0_txt       msp_plthresh07  0.585523  0.962500   0.5055  0.3485   0.7106  0.467650
6  ft_pl_neg_proto_bank_v0_txt  maxlogit_plthresh07  0.681949  0.839700   0.4998  0.3755   0.6709  0.481504


ID dataset:VisdaOOD, OOD dataset:MNIST
                        Method         OOD Detector       AUC    FPR95  ACC_ALL  ACC_ID  ACC_OOD    ACC_HM
0                   zsclip_txt                  msp  0.996103  0.00760   0.8628  0.8078   0.9974  0.892643
1                   zsclip_txt             maxlogit  0.930746  0.74434   0.8628  0.6457   0.9976  0.783972
2                   zsclip_txt               energy  0.846302  0.99970   0.8628  0.5400   0.9988  0.701003
3                    ft_pl_txt       msp_plthresh07  0.995175  0.01300   0.8664  0.8123   0.9960  0.894819
4                    ft_pl_txt  maxlogit_plthresh07  0.927412  0.73420   0.8655  0.6282   0.9971  0.770785
5  ft_pl_neg_proto_bank_v0_txt       msp_plthresh07  0.980641  0.10100   0.8646  0.8032   0.9744  0.880556
6  ft_pl_neg_proto_bank_v0_txt  maxlogit_plthresh07  0.935388  0.48820   0.8607  0.6590   0.9885  0.790800


ID dataset:VisdaOOD, OOD dataset:SVHN
                        Method         OOD Detector       AUC    FPR95  ACC_ALL  ACC_ID  ACC_OOD    ACC_HM
0                   zsclip_txt                  msp  0.982116  0.09490   0.8628  0.8030   0.9647  0.876454
1                   zsclip_txt             maxlogit  0.906060  0.64728   0.8628  0.6456   0.9594  0.771824
2                   zsclip_txt               energy  0.833993  0.94875   0.8628  0.5400   0.9682  0.693314
3                    ft_pl_txt       msp_plthresh07  0.980110  0.10730   0.8664  0.8082   0.9545  0.875279
4                    ft_pl_txt  maxlogit_plthresh07  0.898677  0.66650   0.8654  0.6286   0.9532  0.757595
5  ft_pl_neg_proto_bank_v0_txt       msp_plthresh07  0.964133  0.21840   0.8627  0.7970   0.9257  0.856543
6  ft_pl_neg_proto_bank_v0_txt  maxlogit_plthresh07  0.905749  0.56740   0.8611  0.6441   0.9446  0.765930


ID dataset:ImagenetROOD, OOD dataset:MNIST
                        Method         OOD Detector       AUC     FPR95  ACC_ALL    ACC_ID   ACC_OOD    ACC_HM
0                   zsclip_txt                  msp  0.996416  0.012867   0.7427  0.674333  0.998500  0.805008
1                   zsclip_txt             maxlogit  0.877558  0.986487   0.7427  0.525367  0.995333  0.687729
2                   zsclip_txt               energy  0.719429  1.000000   0.7427  0.398300  0.994033  0.568719
3                    ft_pl_txt       msp_plthresh07  0.974357  0.125700   0.7524  0.695133  0.962233  0.807161
4                    ft_pl_txt  maxlogit_plthresh07  0.796031  0.996667   0.7524  0.490567  0.927800  0.641791
5  ft_pl_neg_proto_bank_v0_txt       msp_plthresh07  0.788942  0.528400   0.7447  0.669000  0.703567  0.685848
6  ft_pl_neg_proto_bank_v0_txt  maxlogit_plthresh07  0.679775  0.980400   0.7468  0.466400  0.790833  0.586756


ID dataset:ImagenetROOD, OOD dataset:SVHN
                        Method         OOD Detector       AUC     FPR95   ACC_ALL    ACC_ID   ACC_OOD    ACC_HM
0                   zsclip_txt                  msp  0.984631  0.082667  0.742700  0.664033  0.997033  0.797154
1                   zsclip_txt             maxlogit  0.869386  0.894867  0.742700  0.533100  0.982733  0.691231
2                   zsclip_txt               energy  0.754303  0.990973  0.742700  0.432833  0.948200  0.594356
3                    ft_pl_txt       msp_plthresh07  0.970204  0.158233  0.752267  0.684767  0.974967  0.804496
4                    ft_pl_txt  maxlogit_plthresh07  0.842656  0.934767  0.752200  0.512700  0.970600  0.670972
5  ft_pl_neg_proto_bank_v0_txt       msp_plthresh07  0.393062  0.724733  0.693400  0.593367  0.372033  0.457328
6  ft_pl_neg_proto_bank_v0_txt  maxlogit_plthresh07  0.848359  0.911367  0.753400  0.513033  0.974000  0.672069
