ID dataset:cifar10OOD, OOD dataset:MNIST
                        Method    OOD Detector       AUC   FPR95  ACC_ALL  ACC_ID  ACC_OOD    ACC_HM
0                   zsclip_txt             msp  0.964212  0.2443   0.7385  0.6107   0.9982  0.757786
1                    ft_pl_txt  msp_plthresh07  0.950226  0.3452   0.7726  0.6629   0.9938  0.795304
2  ft_pl_neg_proto_bank_v0_txt  msp_plthresh07  0.610568  0.7950   0.7286  0.6010   0.4642  0.523816


ID dataset:cifar10OOD, OOD dataset:SVHN
                        Method    OOD Detector       AUC   FPR95  ACC_ALL  ACC_ID  ACC_OOD    ACC_HM
0                   zsclip_txt             msp  0.931861  0.4525   0.7385  0.6045   0.9790  0.747465
1                    ft_pl_txt  msp_plthresh07  0.941516  0.3749   0.7726  0.6631   0.9728  0.788635
2  ft_pl_neg_proto_bank_v0_txt  msp_plthresh07  0.921450  0.5115   0.7761  0.6779   0.9490  0.790862


ID dataset:cifar10OOD, OOD dataset:cifar100
                        Method    OOD Detector       AUC   FPR95  ACC_ALL  ACC_ID  ACC_OOD    ACC_HM
0                   zsclip_txt             msp  0.824203  0.7708   0.7385  0.5890   0.8531  0.696867
1                    ft_pl_txt  msp_plthresh07  0.836439  0.7180   0.7725  0.6489   0.8100  0.720555
2  ft_pl_neg_proto_bank_v0_txt  msp_plthresh07  0.821289  0.7336   0.7717  0.6643   0.7411  0.700602


ID dataset:cifar10OOD, OOD dataset:Tiny
                        Method    OOD Detector       AUC   FPR95  ACC_ALL  ACC_ID  ACC_OOD    ACC_HM
0                   zsclip_txt             msp  0.825049  0.7743   0.7385  0.5879   0.8608  0.698646
1                    ft_pl_txt  msp_plthresh07  0.845316  0.6640   0.7729  0.6523   0.8330  0.731658
2  ft_pl_neg_proto_bank_v0_txt  msp_plthresh07  0.839067  0.6474   0.7720  0.6705   0.7875  0.724306


ID dataset:cifar100OOD, OOD dataset:MNIST
                        Method    OOD Detector       AUC   FPR95  ACC_ALL  ACC_ID  ACC_OOD    ACC_HM
0                   zsclip_txt             msp  0.770799  0.9635   0.4842  0.2849   0.9923  0.442697
1                    ft_pl_txt  msp_plthresh07  0.725402  0.9690   0.5028  0.3315   0.9407  0.490241
2  ft_pl_neg_proto_bank_v0_txt  msp_plthresh07  0.670524  0.9565   0.5056  0.3503   0.8358  0.493686


ID dataset:cifar100OOD, OOD dataset:SVHN
                        Method    OOD Detector       AUC   FPR95  ACC_ALL  ACC_ID  ACC_OOD    ACC_HM
0                   zsclip_txt             msp  0.638695  0.9894   0.4842  0.2742   0.9623  0.426790
1                    ft_pl_txt  msp_plthresh07  0.718129  0.9477   0.5027  0.3310   0.9365  0.489123
2  ft_pl_neg_proto_bank_v0_txt  msp_plthresh07  0.739516  0.9199   0.5090  0.3571   0.9084  0.512666


ID dataset:cifar100OOD, OOD dataset:cifar10
                        Method    OOD Detector       AUC   FPR95  ACC_ALL  ACC_ID  ACC_OOD    ACC_HM
0                   zsclip_txt             msp  0.606343  0.9524   0.4842  0.2813   0.8298  0.420165
1                    ft_pl_txt  msp_plthresh07  0.633179  0.9502   0.5029  0.3343   0.8026  0.472001
2  ft_pl_neg_proto_bank_v0_txt  msp_plthresh07  0.636219  0.9429   0.5062  0.3478   0.7719  0.479533


ID dataset:cifar100OOD, OOD dataset:Tiny
                        Method    OOD Detector       AUC   FPR95  ACC_ALL  ACC_ID  ACC_OOD    ACC_HM
0                   zsclip_txt             msp  0.526111  0.9859   0.4842  0.2667   0.7843  0.398045
1                    ft_pl_txt  msp_plthresh07  0.567988  0.9744   0.5003  0.3256   0.7382  0.451886
2  ft_pl_neg_proto_bank_v0_txt  msp_plthresh07  0.585523  0.9625   0.5055  0.3485   0.7106  0.467650


ID dataset:VisdaOOD, OOD dataset:MNIST
                        Method    OOD Detector       AUC   FPR95  ACC_ALL  ACC_ID  ACC_OOD    ACC_HM
0                   zsclip_txt             msp  0.996103  0.0076   0.8628  0.8078   0.9974  0.892643
1                    ft_pl_txt  msp_plthresh07  0.995175  0.0130   0.8664  0.8123   0.9960  0.894819
2  ft_pl_neg_proto_bank_v0_txt  msp_plthresh07  0.980641  0.1010   0.8646  0.8032   0.9744  0.880556


ID dataset:VisdaOOD, OOD dataset:SVHN
                        Method    OOD Detector       AUC   FPR95  ACC_ALL  ACC_ID  ACC_OOD    ACC_HM
0                   zsclip_txt             msp  0.982116  0.0949   0.8628  0.8030   0.9647  0.876454
1                    ft_pl_txt  msp_plthresh07  0.980110  0.1073   0.8664  0.8082   0.9545  0.875279
2  ft_pl_neg_proto_bank_v0_txt  msp_plthresh07  0.964133  0.2184   0.8627  0.7970   0.9257  0.856543


ID dataset:ImagenetROOD, OOD dataset:MNIST
                        Method    OOD Detector       AUC     FPR95  ACC_ALL    ACC_ID   ACC_OOD    ACC_HM
0                   zsclip_txt             msp  0.996416  0.012867   0.7427  0.674333  0.998500  0.805008
1                    ft_pl_txt  msp_plthresh07  0.974357  0.125700   0.7524  0.695133  0.962233  0.807161
2  ft_pl_neg_proto_bank_v0_txt  msp_plthresh07  0.788942  0.528400   0.7447  0.669000  0.703567  0.685848


ID dataset:ImagenetROOD, OOD dataset:SVHN
                        Method    OOD Detector       AUC     FPR95   ACC_ALL    ACC_ID   ACC_OOD    ACC_HM
0                   zsclip_txt             msp  0.984631  0.082667  0.742700  0.664033  0.997033  0.797154
1                    ft_pl_txt  msp_plthresh07  0.970204  0.158233  0.752267  0.684767  0.974967  0.804496
2  ft_pl_neg_proto_bank_v0_txt  msp_plthresh07  0.393062  0.724733  0.693400  0.593367  0.372033  0.457328


