ID dataset:cifar10OOD, OOD dataset:MNIST
                        Method         OOD Detector       AUC     FPR95  ACC_ALL  ACC_ID  ACC_OOD    ACC_HM
0                   zsclip_txt             maxlogit  0.910614  0.886456   0.7385  0.6082   0.9972  0.755571
1                    ft_pl_txt  maxlogit_plthresh07  0.925679  0.582800   0.7696  0.6423   0.9894  0.778932
2  ft_pl_neg_proto_bank_v0_txt  maxlogit_plthresh07  0.960730  0.259500   0.7741  0.6697   0.9887  0.798520


ID dataset:cifar10OOD, OOD dataset:SVHN
                        Method         OOD Detector       AUC     FPR95  ACC_ALL  ACC_ID  ACC_OOD    ACC_HM
0                   zsclip_txt             maxlogit  0.903493  0.624567   0.7385  0.6082   0.9551  0.743161
1                    ft_pl_txt  maxlogit_plthresh07  0.907026  0.555700   0.7710  0.6665   0.9069  0.768335
2  ft_pl_neg_proto_bank_v0_txt  maxlogit_plthresh07  0.916020  0.450700   0.7766  0.6646   0.8902  0.761033


ID dataset:cifar10OOD, OOD dataset:cifar100
                        Method         OOD Detector       AUC   FPR95  ACC_ALL  ACC_ID  ACC_OOD    ACC_HM
0                   zsclip_txt             maxlogit  0.825679  0.6792   0.7385  0.6081   0.7945  0.688914
1                    ft_pl_txt  maxlogit_plthresh07  0.822239  0.6421   0.7703  0.6645   0.7284  0.694984
2  ft_pl_neg_proto_bank_v0_txt  maxlogit_plthresh07  0.826189  0.6260   0.7698  0.6475   0.7363  0.689051


ID dataset:cifar10OOD, OOD dataset:Tiny
                        Method         OOD Detector       AUC     FPR95  ACC_ALL  ACC_ID  ACC_OOD    ACC_HM
0                   zsclip_txt             maxlogit  0.887004  0.387911   0.7385  0.6758   0.7873  0.727301
1                    ft_pl_txt  maxlogit_plthresh07  0.880417  0.416600   0.7729  0.7187   0.7581  0.737874
2  ft_pl_neg_proto_bank_v0_txt  maxlogit_plthresh07  0.847368  0.511800   0.7691  0.6739   0.7375  0.704267


ID dataset:cifar100OOD, OOD dataset:MNIST
                        Method         OOD Detector       AUC   FPR95  ACC_ALL  ACC_ID  ACC_OOD    ACC_HM
0                   zsclip_txt             maxlogit  0.740836  0.9999   0.4842  0.3200   0.9619  0.480237
1                    ft_pl_txt  maxlogit_plthresh07  0.751932  0.9930   0.5035  0.3358   0.9295  0.493363
2  ft_pl_neg_proto_bank_v0_txt  maxlogit_plthresh07  0.803772  0.9021   0.5031  0.3687   0.8943  0.522135


ID dataset:cifar100OOD, OOD dataset:SVHN
                        Method         OOD Detector       AUC     FPR95  ACC_ALL  ACC_ID  ACC_OOD    ACC_HM
0                   zsclip_txt             maxlogit  0.647841  0.980014   0.4842  0.3206   0.7936  0.456701
1                    ft_pl_txt  maxlogit_plthresh07  0.703886  0.971000   0.5033  0.3354   0.8584  0.482338
2  ft_pl_neg_proto_bank_v0_txt  maxlogit_plthresh07  0.765285  0.922000   0.5041  0.3638   0.8654  0.512256


ID dataset:cifar100OOD, OOD dataset:cifar10
                        Method         OOD Detector       AUC     FPR95  ACC_ALL  ACC_ID  ACC_OOD    ACC_HM
0                   zsclip_txt             maxlogit  0.632818  0.932471   0.4842  0.3206   0.7042  0.440606
1                    ft_pl_txt  maxlogit_plthresh07  0.674543  0.896900   0.5041  0.3633   0.6846  0.474693
2  ft_pl_neg_proto_bank_v0_txt  maxlogit_plthresh07  0.697919  0.860700   0.5026  0.3751   0.6888  0.485701


ID dataset:cifar100OOD, OOD dataset:Tiny
                        Method         OOD Detector       AUC   FPR95  ACC_ALL  ACC_ID  ACC_OOD    ACC_HM
0                   zsclip_txt             maxlogit  0.674763  0.7973   0.4842  0.3359   0.6938  0.452651
1                    ft_pl_txt  maxlogit_plthresh07  0.679069  0.8232   0.5007  0.3697   0.6635  0.474828
2  ft_pl_neg_proto_bank_v0_txt  maxlogit_plthresh07  0.681949  0.8397   0.4998  0.3755   0.6709  0.481504


ID dataset:VisdaOOD, OOD dataset:MNIST
                        Method         OOD Detector       AUC    FPR95  ACC_ALL  ACC_ID  ACC_OOD    ACC_HM
0                   zsclip_txt             maxlogit  0.930746  0.74434   0.8628  0.6457   0.9976  0.783972
1                    ft_pl_txt  maxlogit_plthresh07  0.927412  0.73420   0.8655  0.6282   0.9971  0.770785
2  ft_pl_neg_proto_bank_v0_txt  maxlogit_plthresh07  0.935388  0.48820   0.8607  0.6590   0.9885  0.790800


ID dataset:VisdaOOD, OOD dataset:SVHN
                        Method         OOD Detector       AUC    FPR95  ACC_ALL  ACC_ID  ACC_OOD    ACC_HM
0                   zsclip_txt             maxlogit  0.906060  0.64728   0.8628  0.6456   0.9594  0.771824
1                    ft_pl_txt  maxlogit_plthresh07  0.898677  0.66650   0.8654  0.6286   0.9532  0.757595
2  ft_pl_neg_proto_bank_v0_txt  maxlogit_plthresh07  0.905749  0.56740   0.8611  0.6441   0.9446  0.765930


ID dataset:ImagenetROOD, OOD dataset:MNIST
                        Method         OOD Detector       AUC     FPR95  ACC_ALL    ACC_ID   ACC_OOD    ACC_HM
0                   zsclip_txt             maxlogit  0.877558  0.986487   0.7427  0.525367  0.995333  0.687729
1                    ft_pl_txt  maxlogit_plthresh07  0.796031  0.996667   0.7524  0.490567  0.927800  0.641791
2  ft_pl_neg_proto_bank_v0_txt  maxlogit_plthresh07  0.679775  0.980400   0.7468  0.466400  0.790833  0.586756


ID dataset:ImagenetROOD, OOD dataset:SVHN
                        Method         OOD Detector       AUC     FPR95  ACC_ALL    ACC_ID   ACC_OOD    ACC_HM
0                   zsclip_txt             maxlogit  0.869386  0.894867   0.7427  0.533100  0.982733  0.691231
1                    ft_pl_txt  maxlogit_plthresh07  0.842656  0.934767   0.7522  0.512700  0.970600  0.670972
2  ft_pl_neg_proto_bank_v0_txt  maxlogit_plthresh07  0.848359  0.911367   0.7534  0.513033  0.974000  0.672069
