ID dataset:cifar10OOD, OOD dataset:MNIST
                        Method    OOD Detector       AUC   FPR95  ACC_ALL  ACC_ID  ACC_OOD    ACC_HM
0                   zsclip_txt             msp  0.967502  0.2038   0.7856  0.6726   0.9931  0.802016
1                    ft_pl_txt  msp_plthresh07  0.955648  0.2716   0.8084  0.7127   0.9766  0.824037
2  ft_pl_neg_proto_bank_v0_txt  msp_plthresh07  0.941896  0.3700   0.8094  0.7248   0.9533  0.823493


ID dataset:cifar10OOD, OOD dataset:SVHN
                        Method    OOD Detector       AUC   FPR95  ACC_ALL  ACC_ID  ACC_OOD    ACC_HM
0                   zsclip_txt             msp  0.962836  0.2032   0.7856  0.6767   0.9690  0.796892
1                    ft_pl_txt  msp_plthresh07  0.963346  0.1898   0.8075  0.7214   0.9566  0.822516
2  ft_pl_neg_proto_bank_v0_txt  msp_plthresh07  0.935118  0.3778   0.8089  0.7275   0.9086  0.808027


ID dataset:cifar10OOD, OOD dataset:cifar100
                        Method    OOD Detector       AUC   FPR95  ACC_ALL  ACC_ID  ACC_OOD    ACC_HM
0                   zsclip_txt             msp  0.839299  0.7100   0.7856  0.6530   0.8106  0.723315
1                    ft_pl_txt  msp_plthresh07  0.841785  0.6765   0.8082  0.6985   0.7414  0.719311
2  ft_pl_neg_proto_bank_v0_txt  msp_plthresh07  0.832094  0.7097   0.8042  0.7112   0.6913  0.701109


ID dataset:cifar10OOD, OOD dataset:Tiny
                        Method    OOD Detector       AUC   FPR95  ACC_ALL  ACC_ID  ACC_OOD    ACC_HM
0                   zsclip_txt             msp  0.844107  0.6259   0.7856  0.6580   0.8161  0.728572
1                    ft_pl_txt  msp_plthresh07  0.850962  0.5500   0.8095  0.7077   0.7698  0.737445
2  ft_pl_neg_proto_bank_v0_txt  msp_plthresh07  0.837272  0.5957   0.8030  0.7136   0.7264  0.719943


ID dataset:cifar100OOD, OOD dataset:MNIST
                        Method    OOD Detector       AUC   FPR95  ACC_ALL  ACC_ID  ACC_OOD    ACC_HM
0                   zsclip_txt             msp  0.730577  0.9703   0.5023  0.3393   0.9464  0.499515
1                    ft_pl_txt  msp_plthresh07  0.694266  0.9621   0.5067  0.3691   0.8458  0.513927
2  ft_pl_neg_proto_bank_v0_txt  msp_plthresh07  0.691416  0.9335   0.5138  0.3880   0.7804  0.518307


ID dataset:cifar100OOD, OOD dataset:SVHN
                        Method    OOD Detector       AUC   FPR95  ACC_ALL  ACC_ID  ACC_OOD    ACC_HM
0                   zsclip_txt             msp  0.814052  0.7728   0.5023  0.3500   0.9552  0.512289
1                    ft_pl_txt  msp_plthresh07  0.834288  0.7044   0.5099  0.3853   0.9339  0.545530
2  ft_pl_neg_proto_bank_v0_txt  msp_plthresh07  0.840276  0.6827   0.5151  0.4028   0.9231  0.560864


ID dataset:cifar100OOD, OOD dataset:cifar10
                        Method    OOD Detector       AUC   FPR95  ACC_ALL  ACC_ID  ACC_OOD    ACC_HM
0                   zsclip_txt             msp  0.619282  0.9543   0.5023  0.3363   0.7742  0.468912
1                    ft_pl_txt  msp_plthresh07  0.620668  0.9494   0.5060  0.3646   0.7163  0.483232
2  ft_pl_neg_proto_bank_v0_txt  msp_plthresh07  0.626109  0.9365   0.5146  0.3806   0.6896  0.490491


ID dataset:cifar100OOD, OOD dataset:Tiny
                        Method    OOD Detector       AUC   FPR95  ACC_ALL  ACC_ID  ACC_OOD    ACC_HM
0                   zsclip_txt             msp  0.571976  0.9744   0.5023  0.3291   0.7330  0.454252
1                    ft_pl_txt  msp_plthresh07  0.587762  0.9637   0.5054  0.3595   0.6969  0.474319
2  ft_pl_neg_proto_bank_v0_txt  msp_plthresh07  0.598383  0.9576   0.5111  0.3748   0.6674  0.480026


ID dataset:VisdaOOD, OOD dataset:MNIST
                        Method    OOD Detector       AUC   FPR95  ACC_ALL  ACC_ID  ACC_OOD    ACC_HM
0                   zsclip_txt             msp  0.978261  0.0950   0.8557  0.7888   0.9837  0.875535
1                    ft_pl_txt  msp_plthresh07  0.976132  0.1117   0.8600  0.7985   0.9729  0.877115
2  ft_pl_neg_proto_bank_v0_txt  msp_plthresh07  0.955012  0.2550   0.8583  0.7989   0.8989  0.845955


ID dataset:VisdaOOD, OOD dataset:SVHN
                        Method    OOD Detector       AUC   FPR95  ACC_ALL  ACC_ID  ACC_OOD    ACC_HM
0                   zsclip_txt             msp  0.978028  0.1161   0.8557  0.7979   0.9543  0.869120
1                    ft_pl_txt  msp_plthresh07  0.972234  0.1588   0.8597  0.8040   0.9346  0.864395
2  ft_pl_neg_proto_bank_v0_txt  msp_plthresh07  0.967192  0.2000   0.8595  0.8039   0.9231  0.859386


ID dataset:ImagenetROOD, OOD dataset:MNIST
       Method    OOD Detector       AUC     FPR95   ACC_ALL    ACC_ID   ACC_OOD    ACC_HM
0  zsclip_txt             msp  0.990967  0.040133  0.767633  0.689633  0.996267  0.815065
1   ft_pl_txt  msp_plthresh07  0.979785  0.117033  0.773533  0.706733  0.988433  0.824177


ID dataset:ImagenetROOD, OOD dataset:SVHN
       Method OOD Detector       AUC     FPR95   ACC_ALL  ACC_ID   ACC_OOD  ACC_HM
0  zsclip_txt          msp  0.989354  0.050167  0.767633  0.6883  0.997667  0.8146