ID dataset:cifar10OOD, OOD dataset:MNIST
                        Method         OOD Detector       AUC    FPR95  ACC_ALL  ACC_ID  ACC_OOD    ACC_HM
0                   zsclip_txt                  msp  0.967502  0.20380   0.7856  0.6726   0.9931  0.802016
1                   zsclip_txt             maxlogit  0.984877  0.03745   0.7856  0.7204   0.9954  0.835862
2                   zsclip_txt               energy  0.978689  0.08006   0.7856  0.7088   0.9970  0.828554
3                    ft_pl_txt       msp_plthresh07  0.955648  0.27160   0.8084  0.7127   0.9766  0.824037
4                    ft_pl_txt  maxlogit_plthresh07  0.989011  0.01910   0.8083  0.7546   0.9958  0.858582
5  ft_pl_neg_proto_bank_v0_txt       msp_plthresh07  0.941896  0.37000   0.8094  0.7248   0.9533  0.823493
6  ft_pl_neg_proto_bank_v0_txt  maxlogit_plthresh07  0.991419  0.03900   0.8016  0.7762   0.9950  0.872086


ID dataset:cifar10OOD, OOD dataset:SVHN
                        Method         OOD Detector       AUC     FPR95  ACC_ALL  ACC_ID  ACC_OOD    ACC_HM
0                   zsclip_txt                  msp  0.962836  0.203200   0.7856  0.6767   0.9690  0.796892
1                   zsclip_txt             maxlogit  0.987068  0.050475   0.7856  0.7311   0.9863  0.839739
2                   zsclip_txt               energy  0.982034  0.076880   0.7856  0.7088   0.9925  0.826996
3                    ft_pl_txt       msp_plthresh07  0.963346  0.189800   0.8075  0.7214   0.9566  0.822516
4                    ft_pl_txt  maxlogit_plthresh07  0.984431  0.057300   0.8083  0.7527   0.9835  0.852759
5  ft_pl_neg_proto_bank_v0_txt       msp_plthresh07  0.935118  0.377800   0.8089  0.7275   0.9086  0.808027
6  ft_pl_neg_proto_bank_v0_txt  maxlogit_plthresh07  0.968946  0.175000   0.8080  0.7346   0.9532  0.829744


ID dataset:cifar10OOD, OOD dataset:cifar100
                        Method         OOD Detector       AUC     FPR95  ACC_ALL  ACC_ID  ACC_OOD    ACC_HM
0                   zsclip_txt                  msp  0.839299  0.710000   0.7856  0.6530   0.8106  0.723315
1                   zsclip_txt             maxlogit  0.861446  0.520825   0.7856  0.6799   0.7597  0.717588
2                   zsclip_txt               energy  0.849260  0.523600   0.7856  0.7058   0.6810  0.693178
3                    ft_pl_txt       msp_plthresh07  0.841785  0.676500   0.8082  0.6985   0.7414  0.719311
4                    ft_pl_txt  maxlogit_plthresh07  0.872031  0.477600   0.8067  0.7339   0.7179  0.725812
5  ft_pl_neg_proto_bank_v0_txt       msp_plthresh07  0.832094  0.709700   0.8042  0.7112   0.6913  0.701109
6  ft_pl_neg_proto_bank_v0_txt  maxlogit_plthresh07  0.867825  0.502500   0.8025  0.7251   0.7227  0.723898


ID dataset:cifar10OOD, OOD dataset:Tiny
                        Method         OOD Detector       AUC    FPR95  ACC_ALL  ACC_ID  ACC_OOD    ACC_HM
0                   zsclip_txt                  msp  0.844107  0.62590   0.7856  0.6580   0.8161  0.728572
1                   zsclip_txt             maxlogit  0.878140  0.35610   0.7856  0.7310   0.7456  0.738228
2                   zsclip_txt               energy  0.872010  0.35222   0.7856  0.7098   0.7618  0.734881
3                    ft_pl_txt       msp_plthresh07  0.850962  0.55000   0.8095  0.7077   0.7698  0.737445
4                    ft_pl_txt  maxlogit_plthresh07  0.882603  0.33350   0.8075  0.7630   0.7349  0.748686
5  ft_pl_neg_proto_bank_v0_txt       msp_plthresh07  0.837272  0.59570   0.8030  0.7136   0.7264  0.719943
6  ft_pl_neg_proto_bank_v0_txt  maxlogit_plthresh07  0.863066  0.40610   0.7948  0.7402   0.7051  0.722224


ID dataset:cifar100OOD, OOD dataset:MNIST
                        Method         OOD Detector       AUC     FPR95  ACC_ALL  ACC_ID  ACC_OOD    ACC_HM
0                   zsclip_txt                  msp  0.730577  0.970300   0.5023  0.3393   0.9464  0.499515
1                   zsclip_txt             maxlogit  0.871866  0.657704   0.5023  0.3883   0.9425  0.550004
2                   zsclip_txt               energy  0.888255  0.695874   0.5023  0.3163   0.9746  0.477599
3                    ft_pl_txt       msp_plthresh07  0.694266  0.962100   0.5067  0.3691   0.8458  0.513927
4                    ft_pl_txt  maxlogit_plthresh07  0.896260  0.571100   0.5070  0.3970   0.9581  0.561384
5  ft_pl_neg_proto_bank_v0_txt       msp_plthresh07  0.691416  0.933500   0.5138  0.3880   0.7804  0.518307
6  ft_pl_neg_proto_bank_v0_txt  maxlogit_plthresh07  0.921930  0.454000   0.5150  0.4281   0.9572  0.591608


ID dataset:cifar100OOD, OOD dataset:SVHN
                        Method         OOD Detector       AUC     FPR95  ACC_ALL  ACC_ID  ACC_OOD    ACC_HM
0                   zsclip_txt                  msp  0.814052  0.772800   0.5023  0.3500   0.9552  0.512289
1                   zsclip_txt             maxlogit  0.941123  0.334917   0.5023  0.3954   0.9871  0.564628
2                   zsclip_txt               energy  0.930258  0.488252   0.5023  0.3861   0.9854  0.554813
3                    ft_pl_txt       msp_plthresh07  0.834288  0.704400   0.5099  0.3853   0.9339  0.545530
4                    ft_pl_txt  maxlogit_plthresh07  0.932625  0.423100   0.5097  0.4032   0.9835  0.571929
5  ft_pl_neg_proto_bank_v0_txt       msp_plthresh07  0.840276  0.682700   0.5151  0.4028   0.9231  0.560864
6  ft_pl_neg_proto_bank_v0_txt  maxlogit_plthresh07  0.913204  0.571600   0.5166  0.4049   0.9702  0.571353


ID dataset:cifar100OOD, OOD dataset:cifar10
                        Method         OOD Detector       AUC     FPR95  ACC_ALL  ACC_ID  ACC_OOD    ACC_HM
0                   zsclip_txt                  msp  0.619282  0.954300   0.5023  0.3363   0.7742  0.468912
1                   zsclip_txt             maxlogit  0.669274  0.879374   0.5023  0.3345   0.7394  0.460619
2                   zsclip_txt               energy  0.663450  0.842316   0.5023  0.2911   0.7200  0.414582
3                    ft_pl_txt       msp_plthresh07  0.620668  0.949400   0.5060  0.3646   0.7163  0.483232
4                    ft_pl_txt  maxlogit_plthresh07  0.684041  0.853100   0.5079  0.3665   0.6886  0.478385
5  ft_pl_neg_proto_bank_v0_txt       msp_plthresh07  0.626109  0.936500   0.5146  0.3806   0.6896  0.490491
6  ft_pl_neg_proto_bank_v0_txt  maxlogit_plthresh07  0.693062  0.838100   0.5134  0.3787   0.6754  0.485294


ID dataset:cifar100OOD, OOD dataset:Tiny
                        Method         OOD Detector       AUC     FPR95  ACC_ALL  ACC_ID  ACC_OOD    ACC_HM
0                   zsclip_txt                  msp  0.571976  0.974400   0.5023  0.3291   0.7330  0.454252
1                   zsclip_txt             maxlogit  0.665992  0.825865   0.5023  0.3433   0.6990  0.460456
2                   zsclip_txt               energy  0.679884  0.769242   0.5023  0.3161   0.6867  0.432920
3                    ft_pl_txt       msp_plthresh07  0.587762  0.963700   0.5054  0.3595   0.6969  0.474319
4                    ft_pl_txt  maxlogit_plthresh07  0.674960  0.830100   0.5065  0.3657   0.6786  0.475273
5  ft_pl_neg_proto_bank_v0_txt       msp_plthresh07  0.598383  0.957600   0.5111  0.3748   0.6674  0.480026
6  ft_pl_neg_proto_bank_v0_txt  maxlogit_plthresh07  0.681214  0.831800   0.5161  0.3757   0.6663  0.480478


ID dataset:ImagenetROOD, OOD dataset:MNIST
       Method         OOD Detector       AUC     FPR95   ACC_ALL    ACC_ID   ACC_OOD    ACC_HM
0  zsclip_txt                  msp  0.990967  0.040133  0.767633  0.689633  0.996267  0.815065
1  zsclip_txt             maxlogit  0.902757  0.810492  0.767633  0.604400  0.983733  0.748764
2  zsclip_txt               energy  0.752528  0.999867  0.767633  0.426333  0.995767  0.597045
3   ft_pl_txt       msp_plthresh07  0.979785  0.117033  0.773533  0.706733  0.988433  0.824177
4   ft_pl_txt  maxlogit_plthresh07  0.880166  0.840167  0.773733  0.573500  0.979833  0.723521


ID dataset:ImagenetROOD, OOD dataset:SVHN
       Method OOD Detector       AUC     FPR95   ACC_ALL  ACC_ID   ACC_OOD  ACC_HM
0  zsclip_txt          msp  0.989354  0.050167  0.767633  0.6883  0.997667  0.8146


ID dataset:VisdaOOD, OOD dataset:MNIST
                        Method         OOD Detector       AUC     FPR95  ACC_ALL  ACC_ID  ACC_OOD    ACC_HM
0                   zsclip_txt                  msp  0.978261  0.095000   0.8557  0.7888   0.9837  0.875535
1                   zsclip_txt             maxlogit  0.935613  0.532200   0.8557  0.6735   0.9937  0.802851
2                   zsclip_txt               energy  0.893756  0.973775   0.8557  0.5754   0.9984  0.730054
3                    ft_pl_txt       msp_plthresh07  0.976132  0.111700   0.8600  0.7985   0.9729  0.877115
4                    ft_pl_txt  maxlogit_plthresh07  0.948501  0.355800   0.8595  0.6725   0.9953  0.802661
5  ft_pl_neg_proto_bank_v0_txt       msp_plthresh07  0.955012  0.255000   0.8583  0.7989   0.8989  0.845955
6  ft_pl_neg_proto_bank_v0_txt  maxlogit_plthresh07  0.948792  0.390500   0.8586  0.6701   0.9952  0.800917


ID dataset:VisdaOOD, OOD dataset:SVHN
                        Method         OOD Detector       AUC     FPR95  ACC_ALL  ACC_ID  ACC_OOD    ACC_HM
0                   zsclip_txt                  msp  0.978028  0.116100   0.8557  0.7979   0.9543  0.869120
1                   zsclip_txt             maxlogit  0.944195  0.385450   0.8557  0.6736   0.9890  0.801384
2                   zsclip_txt               energy  0.903719  0.808225   0.8557  0.5807   0.9948  0.733330
3                    ft_pl_txt       msp_plthresh07  0.972234  0.158800   0.8597  0.8040   0.9346  0.864395
4                    ft_pl_txt  maxlogit_plthresh07  0.936802  0.467800   0.8591  0.6623   0.9879  0.792978
5  ft_pl_neg_proto_bank_v0_txt       msp_plthresh07  0.967192  0.200000   0.8595  0.8039   0.9231  0.859386
6  ft_pl_neg_proto_bank_v0_txt  maxlogit_plthresh07  0.929643  0.504900   0.8582  0.6676   0.9691  0.790580