ID dataset:cifar10OOD, OOD dataset:MNIST
                        Method         OOD Detector       AUC    FPR95  ACC_ALL  ACC_ID  ACC_OOD    ACC_HM
0                   zsclip_txt             maxlogit  0.984877  0.03745   0.7856  0.7204   0.9954  0.835862
1                    ft_pl_txt  maxlogit_plthresh07  0.989011  0.01910   0.8083  0.7546   0.9958  0.858582
2  ft_pl_neg_proto_bank_v0_txt  maxlogit_plthresh07  0.991419  0.03900   0.8016  0.7762   0.9950  0.872086


ID dataset:cifar10OOD, OOD dataset:SVHN
                        Method         OOD Detector       AUC     FPR95  ACC_ALL  ACC_ID  ACC_OOD    ACC_HM
0                   zsclip_txt             maxlogit  0.987068  0.050475   0.7856  0.7311   0.9863  0.839739
1                    ft_pl_txt  maxlogit_plthresh07  0.984431  0.057300   0.8083  0.7527   0.9835  0.852759
2  ft_pl_neg_proto_bank_v0_txt  maxlogit_plthresh07  0.968946  0.175000   0.8080  0.7346   0.9532  0.829744


ID dataset:cifar10OOD, OOD dataset:cifar100
                        Method         OOD Detector       AUC     FPR95  ACC_ALL  ACC_ID  ACC_OOD    ACC_HM
0                   zsclip_txt             maxlogit  0.861446  0.520825   0.7856  0.6799   0.7597  0.717588
1                    ft_pl_txt  maxlogit_plthresh07  0.872031  0.477600   0.8067  0.7339   0.7179  0.725812
2  ft_pl_neg_proto_bank_v0_txt  maxlogit_plthresh07  0.867825  0.502500   0.8025  0.7251   0.7227  0.723898


ID dataset:cifar10OOD, OOD dataset:Tiny
                        Method         OOD Detector       AUC   FPR95  ACC_ALL  ACC_ID  ACC_OOD    ACC_HM
0                   zsclip_txt             maxlogit  0.878140  0.3561   0.7856  0.7310   0.7456  0.738228
1                    ft_pl_txt  maxlogit_plthresh07  0.882603  0.3335   0.8075  0.7630   0.7349  0.748686
2  ft_pl_neg_proto_bank_v0_txt  maxlogit_plthresh07  0.863066  0.4061   0.7948  0.7402   0.7051  0.722224


ID dataset:cifar100OOD, OOD dataset:MNIST
                        Method         OOD Detector       AUC     FPR95  ACC_ALL  ACC_ID  ACC_OOD    ACC_HM
0                   zsclip_txt             maxlogit  0.871866  0.657704   0.5023  0.3883   0.9425  0.550004
1                    ft_pl_txt  maxlogit_plthresh07  0.896260  0.571100   0.5070  0.3970   0.9581  0.561384
2  ft_pl_neg_proto_bank_v0_txt  maxlogit_plthresh07  0.921930  0.454000   0.5150  0.4281   0.9572  0.591608


ID dataset:cifar100OOD, OOD dataset:SVHN
                        Method         OOD Detector       AUC     FPR95  ACC_ALL  ACC_ID  ACC_OOD    ACC_HM
0                   zsclip_txt             maxlogit  0.941123  0.334917   0.5023  0.3954   0.9871  0.564628
1                    ft_pl_txt  maxlogit_plthresh07  0.932625  0.423100   0.5097  0.4032   0.9835  0.571929
2  ft_pl_neg_proto_bank_v0_txt  maxlogit_plthresh07  0.913204  0.571600   0.5166  0.4049   0.9702  0.571353


ID dataset:cifar100OOD, OOD dataset:cifar10
                        Method         OOD Detector       AUC     FPR95  ACC_ALL  ACC_ID  ACC_OOD    ACC_HM
0                   zsclip_txt             maxlogit  0.669274  0.879374   0.5023  0.3345   0.7394  0.460619
1                    ft_pl_txt  maxlogit_plthresh07  0.684041  0.853100   0.5079  0.3665   0.6886  0.478385
2  ft_pl_neg_proto_bank_v0_txt  maxlogit_plthresh07  0.693062  0.838100   0.5134  0.3787   0.6754  0.485294


ID dataset:cifar100OOD, OOD dataset:Tiny
                        Method         OOD Detector       AUC     FPR95  ACC_ALL  ACC_ID  ACC_OOD    ACC_HM
0                   zsclip_txt             maxlogit  0.665992  0.825865   0.5023  0.3433   0.6990  0.460456
1                    ft_pl_txt  maxlogit_plthresh07  0.674960  0.830100   0.5065  0.3657   0.6786  0.475273
2  ft_pl_neg_proto_bank_v0_txt  maxlogit_plthresh07  0.681214  0.831800   0.5161  0.3757   0.6663  0.480478


ID dataset:VisdaOOD, OOD dataset:MNIST
                        Method         OOD Detector       AUC   FPR95  ACC_ALL  ACC_ID  ACC_OOD    ACC_HM
0                   zsclip_txt             maxlogit  0.935613  0.5322   0.8557  0.6735   0.9937  0.802851
1                    ft_pl_txt  maxlogit_plthresh07  0.948501  0.3558   0.8595  0.6725   0.9953  0.802661
2  ft_pl_neg_proto_bank_v0_txt  maxlogit_plthresh07  0.948792  0.3905   0.8586  0.6701   0.9952  0.800917


ID dataset:VisdaOOD, OOD dataset:SVHN
                        Method         OOD Detector       AUC    FPR95  ACC_ALL  ACC_ID  ACC_OOD    ACC_HM
0                   zsclip_txt             maxlogit  0.944195  0.38545   0.8557  0.6736   0.9890  0.801384
1                    ft_pl_txt  maxlogit_plthresh07  0.936802  0.46780   0.8591  0.6623   0.9879  0.792978
2  ft_pl_neg_proto_bank_v0_txt  maxlogit_plthresh07  0.929643  0.50490   0.8582  0.6676   0.9691  0.790580


ID dataset:ImagenetROOD, OOD dataset:MNIST
       Method         OOD Detector       AUC     FPR95   ACC_ALL  ACC_ID   ACC_OOD    ACC_HM
0  zsclip_txt             maxlogit  0.902757  0.810492  0.767633  0.6044  0.983733  0.748764
1   ft_pl_txt  maxlogit_plthresh07  0.880166  0.840167  0.773733  0.5735  0.979833  0.723521